Started GET "/" for ::1 at 2020-05-30 20:59:18 +0200
  [1m[35m (6.0ms)[0m  [1m[34mSELECT sqlite_version(*)[0m
Processing by PagesController#index as HTML
  Rendering pages/index.html.erb within layouts/application
[Webpacker] Compiling...
[Webpacker] Compiled all packs in /Users/user/Code/somsaem/public/packs
[Webpacker] Hash: 1304b97d598560780188
Version: webpack 4.43.0
Time: 7557ms
Built at: 05/30/2020 8:59:29 PM
                                     Asset       Size       Chunks                         Chunk Names
    js/application-9afcbb5693aa87623e69.js    124 KiB  application  [emitted] [immutable]  application
js/application-9afcbb5693aa87623e69.js.map    139 KiB  application  [emitted] [dev]        application
    js/hello_react-649a1b62bf547dab27a7.js   1.05 MiB  hello_react  [emitted] [immutable]  hello_react
js/hello_react-649a1b62bf547dab27a7.js.map   1.21 MiB  hello_react  [emitted] [dev]        hello_react
                             manifest.json  703 bytes               [emitted]              
Entrypoint application = js/application-9afcbb5693aa87623e69.js js/application-9afcbb5693aa87623e69.js.map
Entrypoint hello_react = js/hello_react-649a1b62bf547dab27a7.js js/hello_react-649a1b62bf547dab27a7.js.map
[./app/javascript/channels sync recursive _channel\.js$] ./app/javascript/channels sync _channel\.js$ 160 bytes {application} [built]
[./app/javascript/channels/index.js] 211 bytes {application} [built]
[./app/javascript/packs/application.js] 749 bytes {application} [built]
[./app/javascript/packs/hello_react.jsx] 1.05 KiB {hello_react} [built]
[./node_modules/webpack/buildin/module.js] (webpack)/buildin/module.js 552 bytes {application} [built]
    + 18 hidden modules

  Rendered pages/index.html.erb within layouts/application (Duration: 10390.7ms | Allocations: 3487)
[Webpacker] Everything's up-to-date. Nothing to do
Completed 200 OK in 10481ms (Views: 10465.9ms | ActiveRecord: 0.0ms | Allocations: 21144)


